#
# A fatal error has been detected by the Java Runtime Environment:
#
#  EXCEPTION_ACCESS_VIOLATION (0xc0000005) at pc=0x0000018a748a04a0, pid=9596, tid=0x000000000000283c
#
# JRE version: Java(TM) SE Runtime Environment (8.0_112-b15) (build 1.8.0_112-b15)
# Java VM: Java HotSpot(TM) 64-Bit Server VM (25.112-b15 mixed mode windows-amd64 compressed oops)
# Problematic frame:
# C  0x0000018a748a04a0
#
# Failed to write core dump. Minidumps are not enabled by default on client versions of Windows
#
# If you would like to submit a bug report, please visit:
#   http://bugreport.java.com/bugreport/crash.jsp
# The crash happened outside the Java Virtual Machine in native code.
# See problematic frame for where to report the bug.
#

---------------  T H R E A D  ---------------

Current thread (0x0000018a58d35800):  JavaThread "main" [_thread_in_native, id=10300, stack(0x0000000102000000,0x0000000102100000)]

siginfo: ExceptionCode=0xc0000005, ExceptionInformation=0x0000000000000008 0x0000018a748a04a0

Registers:
RAX=0x0000018a748a04a0, RBX=0x0000000000000000, RCX=0x0000018a58d3f850, RDX=0x00000001020fe430
RSP=0x00000001020fe3f8, RBP=0x00000001020fe440, RSI=0x0000000000000000, RDI=0x0000000000000000
R8 =0x0000fa606c835f50, R9 =0x00007ffe305b37a0, R10=0x0000fa606c835f50, R11=0x0000859e5c872340
R12=0x00007ffdedffbdf0, R13=0x0000018a5ceb5020, R14=0x00000001020fe500, R15=0x00000001020fe4a8
RIP=0x0000018a748a04a0, EFLAGS=0x0000000000010a07

Top of Stack: (sp=0x00000001020fe3f8)
0x00000001020fe3f8:   00007ffe305107bf 0000000000000000
0x00000001020fe408:   0000000000000000 00000001020fe500
0x00000001020fe418:   00007ffe22245d0a 0000018a58d3f850
0x00000001020fe428:   0000018a748a04a0 0000018a5695f9f0
0x00000001020fe438:   0000000000000000 00000001020fe9c8
0x00000001020fe448:   00000001020fe570 0000000000000000
0x00000001020fe458:   00007ffe305105f1 00000001020fe570
0x00000001020fe468:   0000018a5ceb5020 0000000000000000
0x00000001020fe478:   0000000000000000 000000007fffffff
0x00000001020fe488:   0000000000000000 00000001020fe5a0
0x00000001020fe498:   00007ffe3051095c 00000001020fe570
0x00000001020fe4a8:   0000000000000000 00000001020fe9a8
0x00000001020fe4b8:   00007ffe305e70e0 00000001020fe5b0
0x00000001020fe4c8:   000000000a90306d 0000000000000000
0x00000001020fe4d8:   000000000000003f 0000018a58d20020
0x00000001020fe4e8:   00000001020fe5b0 0000018a74f508a0 

Instructions: (pc=0x0000018a748a04a0)
0x0000018a748a0480:   00 00 00 00 00 00 00 00 00 00 00 00 00 00 00 00
0x0000018a748a0490:   00 00 00 00 00 00 00 00 0d 00 00 00 02 00 05 00
0x0000018a748a04a0:   30 11 56 74 8a 01 00 00 01 00 00 00 e4 04 00 00
0x0000018a748a04b0:   02 00 00 00 e4 04 00 00 e4 04 00 00 00 00 00 00 


Register to memory mapping:

RAX=0x0000018a748a04a0 is an unknown value
RBX=0x0000000000000000 is an unknown value
RCX=0x0000018a58d3f850 is an unknown value
RDX=0x00000001020fe430 is pointing into the stack for thread: 0x0000018a58d35800
RSP=0x00000001020fe3f8 is pointing into the stack for thread: 0x0000018a58d35800
RBP=0x00000001020fe440 is pointing into the stack for thread: 0x0000018a58d35800
RSI=0x0000000000000000 is an unknown value
RDI=0x0000000000000000 is an unknown value
R8 =0x0000fa606c835f50 is an unknown value
R9 =0x00007ffe305b37a0 is an unknown value
R10=0x0000fa606c835f50 is an unknown value
R11=0x0000859e5c872340 is an unknown value
R12=0x00007ffdedffbdf0 is an unknown value
R13=0x0000018a5ceb5020 is an unknown value
R14=0x00000001020fe500 is pointing into the stack for thread: 0x0000018a58d35800
R15=0x00000001020fe4a8 is pointing into the stack for thread: 0x0000018a58d35800


Stack: [0x0000000102000000,0x0000000102100000],  sp=0x00000001020fe3f8,  free space=1016k
Native frames: (J=compiled Java code, j=interpreted, Vv=VM code, C=native code)
C  0x0000018a748a04a0

Java frames: (J=compiled Java code, j=interpreted, Vv=VM code)
j  ui.data.common.parami.ParamMgr_getValueAsBool(JLjava/lang/String;)Z+0
j  ui.data.common.w.dC(Ljava/lang/String;)Z+5
j  ui.data.common.w.vF()Z+5
j  ui.g.q.vF()Z+18
j  ui.g.q.dIp()Ljava/lang/String;+6
j  ui.PlanAhead.<clinit>()V+639
v  ~StubRoutines::call_stub

---------------  P R O C E S S  ---------------

Java Threads: ( => current thread )
  0x0000018a58956800 JavaThread "Service Thread" daemon [_thread_blocked, id=880, stack(0x0000000103d00000,0x0000000104200000)]
  0x0000018a73e38800 JavaThread "C1 CompilerThread2" daemon [_thread_blocked, id=10456, stack(0x0000000103c00000,0x0000000103d00000)]
  0x0000018a73e3a000 JavaThread "C2 CompilerThread1" daemon [_thread_blocked, id=2072, stack(0x0000000103b00000,0x0000000103c00000)]
  0x0000018a73e30800 JavaThread "C2 CompilerThread0" daemon [_thread_blocked, id=4912, stack(0x0000000103a00000,0x0000000103b00000)]
  0x0000018a73e50800 JavaThread "Attach Listener" daemon [_thread_blocked, id=836, stack(0x0000000103500000,0x0000000103a00000)]
  0x0000018a73e51800 JavaThread "Signal Dispatcher" daemon [_thread_blocked, id=10776, stack(0x0000000103000000,0x0000000103500000)]
  0x0000018a73e98800 JavaThread "Finalizer" daemon [_thread_blocked, id=10284, stack(0x0000000102b00000,0x0000000103000000)]
  0x0000018a73e9b800 JavaThread "Reference Handler" daemon [_thread_blocked, id=9624, stack(0x0000000102600000,0x0000000102b00000)]
=>0x0000018a58d35800 JavaThread "main" [_thread_in_native, id=10300, stack(0x0000000102000000,0x0000000102100000)]

Other Threads:
  0x0000018a5ca51000 VMThread [stack: 0x0000000102500000,0x0000000102600000] [id=2212]
  0x0000018a5d017800 WatcherThread [stack: 0x0000000104200000,0x0000000104300000] [id=8136]

VM state:not at safepoint (normal execution)

VM Mutex/Monitor currently owned by a thread: None

Heap:
 PSYoungGen      total 53760K, used 7416K [0x00000007bc400000, 0x00000007c0000000, 0x00000007c0000000)
  eden space 46080K, 16% used [0x00000007bc400000,0x00000007bcb3e210,0x00000007bf100000)
  from space 7680K, 0% used [0x00000007bf880000,0x00000007bf880000,0x00000007c0000000)
  to   space 7680K, 0% used [0x00000007bf100000,0x00000007bf100000,0x00000007bf880000)
 ParOldGen       total 69632K, used 0K [0x0000000700000000, 0x0000000704400000, 0x00000007bc400000)
  object space 69632K, 0% used [0x0000000700000000,0x0000000700000000,0x0000000704400000)
 Metaspace       used 6688K, capacity 6832K, committed 6912K, reserved 1056768K
  class space    used 665K, capacity 725K, committed 768K, reserved 1048576K

Card table byte_map: [0x0000018a6c3e0000,0x0000018a6c9f0000] byte_map_base: 0x0000018a68be0000

Marking Bits: (ParMarkBitMap*) 0x0000000071caa6d0
 Begin Bits: [0x0000018a6cfe0000, 0x0000018a6ffe0000)
 End Bits:   [0x0000018a6ffe0000, 0x0000018a72fe0000)

Polling page: 0x0000018a58350000

CodeCache: size=245760Kb used=1995Kb max_used=1995Kb free=243764Kb
 bounds [0x0000018a5d020000, 0x0000018a5d290000, 0x0000018a6c020000]
 total_blobs=729 nmethods=397 adapters=245
 compilation: enabled

Compilation events (10 events):
Event: 0.853 Thread 0x0000018a73e38800  393       3       java.lang.CharacterDataLatin1::digit (91 bytes)
Event: 0.853 Thread 0x0000018a73e38800 nmethod 393 0x0000018a5d20e110 code [0x0000018a5d20e280, 0x0000018a5d20e618]
Event: 0.856 Thread 0x0000018a73e30800  394       4       java.lang.String::<init> (82 bytes)
Event: 0.859 Thread 0x0000018a73e30800 nmethod 394 0x0000018a5d211ed0 code [0x0000018a5d212020, 0x0000018a5d212318]
Event: 0.859 Thread 0x0000018a73e38800  395       3       sun.net.www.ParseUtil::encodePath (336 bytes)
Event: 0.861 Thread 0x0000018a73e38800 nmethod 395 0x0000018a5d20f690 code [0x0000018a5d20f900, 0x0000018a5d210920]
Event: 0.861 Thread 0x0000018a73e38800  396       3       java.lang.StringBuffer::<init> (6 bytes)
Event: 0.861 Thread 0x0000018a73e38800 nmethod 396 0x0000018a5d20f150 code [0x0000018a5d20f2c0, 0x0000018a5d20f578]
Event: 0.864 Thread 0x0000018a73e38800  397       1       java.util.jar.Manifest::getEntries (5 bytes)
Event: 0.864 Thread 0x0000018a73e38800 nmethod 397 0x0000018a5d212950 code [0x0000018a5d212aa0, 0x0000018a5d212bb8]

GC Heap History (0 events):
No events

Deoptimization events (1 events):
Event: 0.229 Thread 0x0000018a58d35800 Uncommon trap: reason=unstable_if action=reinterpret pc=0x0000018a5d149848 method=java.lang.String.hashCode()I @ 14

Internal exceptions (10 events):
Event: 0.310 Thread 0x0000018a58d35800 Exception <a 'java/security/PrivilegedActionException'> (0x00000007bc73a880) thrown at [C:\re\workspace\8-2-build-windows-amd64-cygwin\jdk8u112\7884\hotspot\src\share\vm\prims\jvm.cpp, line 1390]
Event: 0.706 Thread 0x0000018a58d35800 Exception <a 'java/security/PrivilegedActionException'> (0x00000007bc800838) thrown at [C:\re\workspace\8-2-build-windows-amd64-cygwin\jdk8u112\7884\hotspot\src\share\vm\prims\jvm.cpp, line 1390]
Event: 0.706 Thread 0x0000018a58d35800 Exception <a 'java/security/PrivilegedActionException'> (0x00000007bc800c30) thrown at [C:\re\workspace\8-2-build-windows-amd64-cygwin\jdk8u112\7884\hotspot\src\share\vm\prims\jvm.cpp, line 1390]
Event: 0.706 Thread 0x0000018a58d35800 Exception <a 'java/security/PrivilegedActionException'> (0x00000007bc802c08) thrown at [C:\re\workspace\8-2-build-windows-amd64-cygwin\jdk8u112\7884\hotspot\src\share\vm\prims\jvm.cpp, line 1390]
Event: 0.706 Thread 0x0000018a58d35800 Exception <a 'java/security/PrivilegedActionException'> (0x00000007bc803000) thrown at [C:\re\workspace\8-2-build-windows-amd64-cygwin\jdk8u112\7884\hotspot\src\share\vm\prims\jvm.cpp, line 1390]
Event: 0.707 Thread 0x0000018a58d35800 Exception <a 'java/security/PrivilegedActionException'> (0x00000007bc8070e8) thrown at [C:\re\workspace\8-2-build-windows-amd64-cygwin\jdk8u112\7884\hotspot\src\share\vm\prims\jvm.cpp, line 1390]
Event: 0.707 Thread 0x0000018a58d35800 Exception <a 'java/security/PrivilegedActionException'> (0x00000007bc8074e0) thrown at [C:\re\workspace\8-2-build-windows-amd64-cygwin\jdk8u112\7884\hotspot\src\share\vm\prims\jvm.cpp, line 1390]
Event: 0.763 Thread 0x0000018a58d35800 Exception <a 'java/io/FileNotFoundException'> (0x00000007bc84ba98) thrown at [C:\re\workspace\8-2-build-windows-amd64-cygwin\jdk8u112\7884\hotspot\src\share\vm\prims\jni.cpp, line 709]
Event: 0.804 Thread 0x0000018a58d35800 Exception <a 'java/lang/NoSuchFieldError': method resolution failed> (0x00000007bc9187f0) thrown at [C:\re\workspace\8-2-build-windows-amd64-cygwin\jdk8u112\7884\hotspot\src\share\vm\prims\methodHandles.cpp, line 1146]
Event: 0.807 Thread 0x0000018a58d35800 Exception <a 'java/lang/NoSuchFieldError': method resolution failed> (0x00000007bc925bc0) thrown at [C:\re\workspace\8-2-build-windows-amd64-cygwin\jdk8u112\7884\hotspot\src\share\vm\prims\methodHandles.cpp, line 1146]

Events (10 events):
Event: 0.863 loading class java/util/concurrent/TimeUnit$5
Event: 0.863 loading class java/util/concurrent/TimeUnit$5 done
Event: 0.863 loading class java/util/concurrent/TimeUnit$6
Event: 0.863 loading class java/util/concurrent/TimeUnit$6 done
Event: 0.863 loading class java/util/concurrent/TimeUnit$7
Event: 0.863 loading class java/util/concurrent/TimeUnit$7 done
Event: 0.864 loading class ui/frmwork/a/c
Event: 0.864 loading class ui/frmwork/a/c done
Event: 0.864 loading class ui/data/device/devmodeli
Event: 0.864 loading class ui/data/device/devmodeli done


Dynamic libraries:
0x00007ff6bb820000 - 0x00007ff6bb852000 	C:\Xilinx\Vivado\2017.2\bin\unwrapped\win64.o\vivado.exe
0x00007ffe331f0000 - 0x00007ffe333d0000 	C:\WINDOWS\SYSTEM32\ntdll.dll
0x00007ffe30e40000 - 0x00007ffe30eee000 	C:\WINDOWS\System32\KERNEL32.DLL
0x00007ffe2fff0000 - 0x00007ffe30256000 	C:\WINDOWS\System32\KERNELBASE.dll
0x00007ffe30500000 - 0x00007ffe305f6000 	C:\WINDOWS\System32\ucrtbase.dll
0x000000000a900000 - 0x000000000a983000 	C:\Xilinx\Vivado\2017.2\lib\win64.o\SHSMP64.dll
0x00007ffe29f60000 - 0x00007ffe29f74000 	C:\Xilinx\Vivado\2017.2\lib\win64.o\librdi_commonmain.dll
0x00007ffe27f00000 - 0x00007ffe27f14000 	C:\Xilinx\Vivado\2017.2\lib\win64.o\libboost_signals.dll
0x00007ffe31000000 - 0x00007ffe3118f000 	C:\WINDOWS\System32\USER32.dll
0x00007ffded4a0000 - 0x00007ffdee0af000 	C:\Xilinx\Vivado\2017.2\lib\win64.o\librdi_common.dll
0x00007ffe306a0000 - 0x00007ffe306c0000 	C:\WINDOWS\System32\win32u.dll
0x00007ffe22210000 - 0x00007ffe222af000 	C:\WINDOWS\SYSTEM32\MSVCP140.dll
0x00007ffe30f10000 - 0x00007ffe30f38000 	C:\WINDOWS\System32\GDI32.dll
0x00007ffe2bb70000 - 0x00007ffe2bb86000 	C:\WINDOWS\SYSTEM32\VCRUNTIME140.dll
0x00007ffe32710000 - 0x00007ffe327b1000 	C:\WINDOWS\System32\ADVAPI32.dll
0x00007ffe2f5f0000 - 0x00007ffe2f783000 	C:\WINDOWS\System32\gdi32full.dll
0x00007ffe328a0000 - 0x00007ffe3293d000 	C:\WINDOWS\System32\msvcrt.dll
0x00007ffe30600000 - 0x00007ffe3069b000 	C:\WINDOWS\System32\msvcp_win.dll
0x00007ffe30fa0000 - 0x00007ffe30ffb000 	C:\WINDOWS\System32\sechost.dll
0x00007ffe306e0000 - 0x00007ffe307ff000 	C:\WINDOWS\System32\RPCRT4.dll
0x00007ffe14720000 - 0x00007ffe14746000 	C:\Xilinx\Vivado\2017.2\lib\win64.o\libboost_filesystem.dll
0x00007ffe312d0000 - 0x00007ffe32706000 	C:\WINDOWS\System32\SHELL32.dll
0x00007ffe2a010000 - 0x00007ffe2a01a000 	C:\Xilinx\Vivado\2017.2\lib\win64.o\librdi_commonversion.dll
0x00007ffe304b0000 - 0x00007ffe304fa000 	C:\WINDOWS\System32\cfgmgr32.dll
0x00007ffdfe4b0000 - 0x00007ffdfe5b1000 	C:\Xilinx\Vivado\2017.2\lib\win64.o\librdi_commonxillic.dll
0x0000000071d30000 - 0x0000000071e5b000 	C:\Xilinx\Vivado\2017.2\lib\win64.o\tcl85t.dll
0x00007ffe329b0000 - 0x00007ffe32a56000 	C:\WINDOWS\System32\shcore.dll
0x00007ffe31260000 - 0x00007ffe312cc000 	C:\WINDOWS\System32\WS2_32.dll
0x00007ffe32a60000 - 0x00007ffe32d68000 	C:\WINDOWS\System32\combase.dll
0x00007ffe30260000 - 0x00007ffe302d2000 	C:\WINDOWS\System32\bcryptPrimitives.dll
0x00007ffdfb7a0000 - 0x00007ffdfbb0e000 	C:\Xilinx\Vivado\2017.2\lib\win64.o\libCOIN-all.dll
0x00007ffe2f790000 - 0x00007ffe2fed7000 	C:\WINDOWS\System32\windows.storage.dll
0x00007ffe27ea0000 - 0x00007ffe27eb4000 	C:\Xilinx\Vivado\2017.2\lib\win64.o\libboost_date_time.dll
0x00007ffe32950000 - 0x00007ffe329a1000 	C:\WINDOWS\System32\shlwapi.dll
0x00007ffe2f5d0000 - 0x00007ffe2f5e1000 	C:\WINDOWS\System32\kernel.appcore.dll
0x00007ffdfe350000 - 0x00007ffdfe3ce000 	C:\Xilinx\Vivado\2017.2\lib\win64.o\libboost_program_options.dll
0x00007ffe2f540000 - 0x00007ffe2f58c000 	C:\WINDOWS\System32\powrprof.dll
0x00007ffdfae20000 - 0x00007ffdfb111000 	C:\Xilinx\Vivado\2017.2\lib\win64.o\libXil_lmgr11.dll
0x00007ffe309f0000 - 0x00007ffe30afa000 	C:\WINDOWS\System32\COMDLG32.dll
0x00007ffdfce80000 - 0x00007ffdfcf8d000 	C:\Xilinx\Vivado\2017.2\lib\win64.o\libboost_regex.dll
0x00007ffe2f590000 - 0x00007ffe2f5ab000 	C:\WINDOWS\System32\profapi.dll
0x00007ffe27e60000 - 0x00007ffe27e6b000 	C:\Xilinx\Vivado\2017.2\lib\win64.o\libboost_system.dll
0x00007ffe31190000 - 0x00007ffe31255000 	C:\WINDOWS\System32\OLEAUT32.dll
0x00007ffe23ae0000 - 0x00007ffe23b00000 	C:\Xilinx\Vivado\2017.2\lib\win64.o\libboost_thread.dll
0x00007ffe30800000 - 0x00007ffe30949000 	C:\WINDOWS\System32\ole32.dll
0x00007ffe27d70000 - 0x00007ffe27d7f000 	C:\Xilinx\Vivado\2017.2\lib\win64.o\libboost_xilinx.dll
0x00007ffdfcdf0000 - 0x00007ffdfce72000 	C:\Xilinx\Vivado\2017.2\lib\win64.o\libhdlpsolve.dll
0x00007ffe2fee0000 - 0x00007ffe2ff38000 	C:\WINDOWS\System32\WINTRUST.dll
0x00007ffdfc110000 - 0x00007ffdfc1b5000 	C:\Xilinx\Vivado\2017.2\lib\win64.o\libhdxml.dll
0x00007ffe2f5b0000 - 0x00007ffe2f5c2000 	C:\WINDOWS\System32\MSASN1.dll
0x00007ffe302e0000 - 0x00007ffe304ae000 	C:\WINDOWS\System32\CRYPT32.dll
0x00007ffdfa500000 - 0x00007ffdfa8de000 	C:\Xilinx\Vivado\2017.2\lib\win64.o\libisl_iostreams.dll
0x00007ffe0e2c0000 - 0x00007ffe0e2ee000 	C:\Xilinx\Vivado\2017.2\lib\win64.o\libisl_sysinfo.dll
0x0000000071490000 - 0x0000000071d2a000 	C:\Xilinx\Vivado\2017.2\tps\win64\jre\bin\server\jvm.dll
0x00007ffe20890000 - 0x00007ffe208a5000 	C:\Xilinx\Vivado\2017.2\lib\win64.o\pthreadVC2.dll
0x00007ffdfb640000 - 0x00007ffdfb791000 	C:\Xilinx\Vivado\2017.2\lib\win64.o\librdi_curl.dll
0x00007ffe13a10000 - 0x00007ffe13a2c000 	C:\Xilinx\Vivado\2017.2\lib\win64.o\librdiconfig.dll
0x00007ffe306c0000 - 0x00007ffe306c8000 	C:\WINDOWS\System32\PSAPI.DLL
0x00007ffe0a3b0000 - 0x00007ffe0a3d1000 	C:\Xilinx\Vivado\2017.2\lib\win64.o\librdizlib.dll
0x0000000012000000 - 0x0000000012272000 	C:\Xilinx\Vivado\2017.2\lib\win64.o\xerces-c_3_1.dll
0x00007ffe2d1e0000 - 0x00007ffe2d1ea000 	C:\WINDOWS\SYSTEM32\VERSION.dll
0x00007ffe17300000 - 0x00007ffe17634000 	C:\WINDOWS\SYSTEM32\WININET.dll
0x00007ffe27870000 - 0x00007ffe2794e000 	C:\WINDOWS\SYSTEM32\WINHTTP.dll
0x00007ffe25700000 - 0x00007ffe258cc000 	C:\WINDOWS\SYSTEM32\urlmon.dll
0x00007ffe30ef0000 - 0x00007ffe30f0d000 	C:\WINDOWS\System32\imagehlp.dll
0x00007ffe21000000 - 0x00007ffe21017000 	C:\WINDOWS\SYSTEM32\NETAPI32.dll
0x00007ffe135f0000 - 0x00007ffe135f9000 	C:\WINDOWS\SYSTEM32\WSOCK32.dll
0x00007ffe09170000 - 0x00007ffe0919e000 	C:\WINDOWS\SYSTEM32\VCOMP140.DLL
0x00007ffe13f70000 - 0x00007ffe14016000 	C:\WINDOWS\WinSxS\amd64_microsoft.windows.common-controls_6595b64144ccf1df_5.82.16299.125_none_88782a244abc4c60\COMCTL32.dll
0x00007ffde4b20000 - 0x00007ffde59b1000 	C:\Xilinx\Vivado\2017.2\lib\win64.o\gurobi65.dll
0x00007ffdf8a70000 - 0x00007ffdf8b44000 	C:\WINDOWS\SYSTEM32\MSVCR110.dll
0x00007ffe25ba0000 - 0x00007ffe25bad000 	C:\Xilinx\Vivado\2017.2\lib\win64.o\libboost_chrono.dll
0x00007ffe13220000 - 0x00007ffe1323b000 	C:\Xilinx\Vivado\2017.2\lib\win64.o\libboost_iostreams.dll
0x00007ffe04f30000 - 0x00007ffe04f55000 	C:\Xilinx\Vivado\2017.2\lib\win64.o\libisl_iosutils.dll
0x00007ffe2b910000 - 0x00007ffe2b933000 	C:\WINDOWS\SYSTEM32\WINMM.dll
0x0000000074e60000 - 0x0000000074f32000 	C:\WINDOWS\SYSTEM32\MSVCR100.dll
0x00007ffe24e30000 - 0x00007ffe250c9000 	C:\WINDOWS\SYSTEM32\iertutil.dll
0x00007ffe2b8b0000 - 0x00007ffe2b8da000 	C:\WINDOWS\SYSTEM32\WINMMBASE.dll
0x00007ffe2eed0000 - 0x00007ffe2eedb000 	C:\WINDOWS\SYSTEM32\CRYPTBASE.DLL
0x00007ffe30e10000 - 0x00007ffe30e3d000 	C:\WINDOWS\System32\IMM32.DLL
0x00007ffe26350000 - 0x00007ffe2635c000 	C:\WINDOWS\KATRK64.DLL
0x00007ffe2b0c0000 - 0x00007ffe2b0d3000 	C:\WINDOWS\SYSTEM32\WTSAPI32.dll
0x00007ffdeed60000 - 0x00007ffdef1c3000 	C:\Xilinx\Vivado\2017.2\lib\win64.o\librdi_commontasks.dll
0x00007ffdfa060000 - 0x00007ffdfa28a000 	C:\Xilinx\Vivado\2017.2\lib\win64.o\librdi_sio.dll
0x00007ffe2eaa0000 - 0x00007ffe2ead9000 	C:\WINDOWS\SYSTEM32\IPHLPAPI.DLL
0x00007ffde2b90000 - 0x00007ffde4b11000 	C:\Xilinx\Vivado\2017.2\lib\win64.o\librdi_tcltasks.dll
0x00007ffdfe2e0000 - 0x00007ffdfe348000 	C:\Xilinx\Vivado\2017.2\lib\win64.o\librdi_boarddep.dll
0x00007ffdee680000 - 0x00007ffdee9e2000 	C:\Xilinx\Vivado\2017.2\lib\win64.o\librdi_bitstream.dll
0x00007ffdfa380000 - 0x00007ffdfa4f5000 	C:\Xilinx\Vivado\2017.2\lib\win64.o\librdi_board.dll
0x00007ffdf9f60000 - 0x00007ffdfa05e000 	C:\Xilinx\Vivado\2017.2\lib\win64.o\librdi_containers.dll
0x00007ffdde520000 - 0x00007ffddfa16000 	C:\Xilinx\Vivado\2017.2\lib\win64.o\librdi_constraints.dll
0x00007ffdf4850000 - 0x00007ffdf4a69000 	C:\Xilinx\Vivado\2017.2\lib\win64.o\librdi_chipscope.dll
0x00007ffdf1f50000 - 0x00007ffdf21b0000 	C:\Xilinx\Vivado\2017.2\lib\win64.o\librdi_dlyest.dll
0x00007ffdecf90000 - 0x00007ffded493000 	C:\Xilinx\Vivado\2017.2\lib\win64.o\librdi_drc.dll
0x00007ffdf80b0000 - 0x00007ffdf817e000 	C:\Xilinx\Vivado\2017.2\lib\win64.o\librdi_dsp.dll
0x00007ffdcbec0000 - 0x00007ffdd7f9b000 	C:\Xilinx\Vivado\2017.2\lib\win64.o\librdi_device.dll
0x00007ffdd7fa0000 - 0x00007ffddba2d000 	C:\Xilinx\Vivado\2017.2\lib\win64.o\librdi_designutils.dll
0x00007ffde2650000 - 0x00007ffde2b90000 	C:\Xilinx\Vivado\2017.2\lib\win64.o\librdi_filemgmt.dll
0x00007ffdf16a0000 - 0x00007ffdf191a000 	C:\Xilinx\Vivado\2017.2\lib\win64.o\librdi_guitools.dll
0x00007ffde2050000 - 0x00007ffde2644000 	C:\Xilinx\Vivado\2017.2\lib\win64.o\librdi_memdata.dll
0x00007ffdcafa0000 - 0x00007ffdcbeb3000 	C:\Xilinx\Vivado\2017.2\lib\win64.o\librdi_implflow.dll
0x00007ffde1bc0000 - 0x00007ffde2045000 	C:\Xilinx\Vivado\2017.2\lib\win64.o\librdi_netlist.dll
0x00007ffdffd60000 - 0x00007ffdffda1000 	C:\Xilinx\Vivado\2017.2\lib\win64.o\librdi_pfi.dll
0x00007ffdc9050000 - 0x00007ffdcaf99000 	C:\Xilinx\Vivado\2017.2\lib\win64.o\librdi_mig.dll
0x00007ffddba30000 - 0x00007ffdde51f000 	C:\Xilinx\Vivado\2017.2\lib\win64.o\librdi_coregen.dll
0x00007ffdf4e00000 - 0x00007ffdf4fbb000 	C:\Xilinx\Vivado\2017.2\lib\win64.o\librdi_platform.dll
0x00007ffdc73f0000 - 0x00007ffdc904a000 	C:\Xilinx\Vivado\2017.2\lib\win64.o\librdi_place.dll
0x00007ffdc6780000 - 0x00007ffdc6d62000 	C:\Xilinx\Vivado\2017.2\lib\win64.o\librdi_psta.dll
0x00007ffdc6d70000 - 0x00007ffdc73e5000 	C:\Xilinx\Vivado\2017.2\lib\win64.o\librdi_power.dll
0x00007ffdee300000 - 0x00007ffdee678000 	C:\Xilinx\Vivado\2017.2\lib\win64.o\librdi_runs.dll
0x00007ffdfcd60000 - 0x00007ffdfcde9000 	C:\Xilinx\Vivado\2017.2\lib\win64.o\librdi_runsbase.dll
0x00007ffdc60a0000 - 0x00007ffdc6773000 	C:\Xilinx\Vivado\2017.2\lib\win64.o\librdi_rsb.dll
0x00007ffdf1a70000 - 0x00007ffdf1c1e000 	C:\Xilinx\Vivado\2017.2\lib\win64.o\librdi_simdata.dll
0x00007ffdc54d0000 - 0x00007ffdc6099000 	C:\Xilinx\Vivado\2017.2\lib\win64.o\librdi_timing.dll
0x00007ffdfc760000 - 0x00007ffdfc7c5000 	C:\Xilinx\Vivado\2017.2\lib\win64.o\liblmx6.0.dll
0x00007ffdc4fc0000 - 0x00007ffdc54ce000 	C:\Xilinx\Vivado\2017.2\lib\win64.o\librdi_project.dll
0x00007ffdff380000 - 0x00007ffdff3cb000 	C:\Xilinx\Vivado\2017.2\lib\win64.o\libboost_serialization.dll
0x00007ffdf4730000 - 0x00007ffdf47ce000 	C:\Xilinx\Vivado\2017.2\lib\win64.o\libise.dll
0x00007ffdfc0c0000 - 0x00007ffdfc105000 	C:\Xilinx\Vivado\2017.2\lib\win64.o\librdi_wavedata_SimpleApi.dll
0x00007ffdc4ba0000 - 0x00007ffdc4fbe000 	C:\Xilinx\Vivado\2017.2\lib\win64.o\librdi_wavedata.dll
0x00007ffdc4120000 - 0x00007ffdc4b92000 	C:\Xilinx\Vivado\2017.2\lib\win64.o\libverific.dll
0x00007ffdc3bd0000 - 0x00007ffdc411e000 	C:\Xilinx\Vivado\2017.2\lib\win64.o\librdi_xdm.dll
0x00007ffdfb5f0000 - 0x00007ffdfb638000 	C:\Xilinx\Vivado\2017.2\lib\win64.o\librdi_hdf.dll
0x00007ffde1990000 - 0x00007ffde1bb6000 	C:\Xilinx\Vivado\2017.2\lib\win64.o\librdi_hsm.dll
0x00007ffdc2e30000 - 0x00007ffdc3bcf000 	C:\Xilinx\Vivado\2017.2\lib\win64.o\librdi_route.dll
0x00007ffe114e0000 - 0x00007ffe114fa000 	C:\Xilinx\Vivado\2017.2\lib\win64.o\librdi_hmetis.dll
0x00007ffdc2190000 - 0x00007ffdc2752000 	C:\Xilinx\Vivado\2017.2\lib\win64.o\librdi_abc_nomp.dll
0x00007ffdc2760000 - 0x00007ffdc2e26000 	C:\Xilinx\Vivado\2017.2\lib\win64.o\librdi_coregenipxact.dll

VM Arguments:
jvm_args: -Dsun.java2d.pmoffscreen=false -Dsun.java2d.d3d=false -Dsun.awt.nopixfmt=true -Xverify:none -Dswing.aatext=true -XX:-UsePerfData -Djdk.map.althashing.threshold=512 -XX:StringTableSize=4072 -XX:NewSize=60m -XX:MaxNewSize=60m -Xms128m -Xmx3072m -Xss5m 
java_command: <unknown>
java_class_path (initial): C:/Xilinx/Vivado/2017.2\lib\classes\alloy.jar;C:/Xilinx/Vivado/2017.2\lib\classes\batik-anim.jar;C:/Xilinx/Vivado/2017.2\lib\classes\batik-awt-util.jar;C:/Xilinx/Vivado/2017.2\lib\classes\batik-bridge.jar;C:/Xilinx/Vivado/2017.2\lib\classes\batik-codec.jar;C:/Xilinx/Vivado/2017.2\lib\classes\batik-css.jar;C:/Xilinx/Vivado/2017.2\lib\classes\batik-dom.jar;C:/Xilinx/Vivado/2017.2\lib\classes\batik-ext.jar;C:/Xilinx/Vivado/2017.2\lib\classes\batik-gui-util.jar;C:/Xilinx/Vivado/2017.2\lib\classes\batik-gvt.jar;C:/Xilinx/Vivado/2017.2\lib\classes\batik-parser.jar;C:/Xilinx/Vivado/2017.2\lib\classes\batik-script.jar;C:/Xilinx/Vivado/2017.2\lib\classes\batik-svg-dom.jar;C:/Xilinx/Vivado/2017.2\lib\classes\batik-swing.jar;C:/Xilinx/Vivado/2017.2\lib\classes\batik-transcoder.jar;C:/Xilinx/Vivado/2017.2\lib\classes\batik-util.jar;C:/Xilinx/Vivado/2017.2\lib\classes\batik-xml.jar;C:/Xilinx/Vivado/2017.2\lib\classes\commons-math-2.2.jar;C:/Xilinx/Vivado/2017.2\lib\classes\dom4j-1.6.1.jar;C:/Xilinx/Vivado/2017.2\lib\classes\forms.jar;C:/Xilinx/Vivado/2017.2\lib\classes\guava-18.0.jar;C:/Xilinx/Vivado/2017.2\lib\classes\help.jar;C:/Xilinx/Vivado/2017.2\lib\classes\hsqldb.jar;C:/Xilinx/Vivado/2017.2\lib\classes\jh.jar;C:/Xilinx/Vivado/2017.2\lib\classes\jide-action.jar;C:/Xilinx/Vivado/2017.2\lib\classes\jide-charts.jar;C:/Xilinx/Vivado/2017.2\lib\classes\jide-common.jar;C:/Xilinx/Vivado/2017.2\lib\classes\jide-components.jar;C:/Xilinx/Vivado/2017.2\lib\classes\jide-dashboard.jar;C:/Xilinx/Vivado/2017.2\lib\classes\jide-data.jar;C:/Xilinx/Vivado/2017.2\lib\classes\jide-dialogs.jar;C:/Xilinx/Vivado/2017.2\lib\classes\jide-diff.jar;C:/Xilinx/Vivado/2017.2\lib\classes\jide-dock.jar;C:/Xilinx/Vivado/2017.2\lib\classes\jide-editor.jar;C:/Xilinx/Vivado/2017.2\lib\classes\jide-gantt.jar;C:/Xilinx/Vivado/2017.2\lib\classes\jide-grids.jar;C:/Xilinx/Vivado/2017.2\lib\classes\jide-pivot.jar;C:/Xilinx/Vivado/2017.2\lib\classes\jide-plaf-jdk7.jar;C:/Xilinx/Vivado/2
Launcher Type: generic

Environment Variables:
PATH=C:/Xilinx/Vivado/2017.2/bin;C:/Xilinx/Vivado/2017.2/lib/win64.o;C:/Xilinx/Vivado/2017.2/tps/win64/jre/bin/server;C:/Xilinx/Vivado/2017.2/tps/win64/jre/bin;C:/Xilinx/Vivado/2017.2/ids_lite/ISE/bin/nt64;C:/Xilinx/Vivado/2017.2/ids_lite/ISE/lib/nt64;C:/Xilinx/Vivado_HLS/2017.2/bin;C:\Program Files (x86)\Rockwell Software\RSCommon;C:\ProgramData\Oracle\Java\javapath;C:\Program Files (x86)\NVIDIA Corporation\PhysX\Common;C:\Program Files (x86)\Intel\iCLS Client\;C:\Program Files\Intel\iCLS Client\;C:\WINDOWS\system32;C:\WINDOWS;C:\WINDOWS\System32\Wbem;C:\WINDOWS\System32\WindowsPowerShell\v1.0\;C:\WINDOWS\CCM;C:\Program Files (x86)\Intel\Intel(R) Management Engine Components\DAL;C:\Program Files\Intel\Intel(R) Management Engine Components\DAL;C:\Program Files (x86)\Intel\Intel(R) Management Engine Components\IPT;C:\Program Files\Intel\Intel(R) Management Engine Components\IPT;C:\Program Files\Microsoft SQL Server\Client SDK\ODBC\110\Tools\Binn\;C:\Program Files (x86)\Microsoft SQL Server\120\Tools\Binn\;C:\Program Files\Microsoft SQL Server\120\Tools\Binn\;C:\Program Files\Microsoft SQL Server\120\DTS\Binn\;C:\Program Files\IBM\SPSS\Statistics\24\JRE\bin;C:\Program Files (x86)\Windows Kits\8.1\Windows Performance Toolkit\;C:\Program Files\MATLAB\R2017a\bin;C:\Users\Student\AppData\Local\Microsoft\WindowsApps;C:\Users\Student\AppData\Local\Programs\Python\Python36-32;C:\Users\Student\AppData\Local\Programs\Python\Python36-32\Lib\site-packages;C:\Users\Student\AppData\Local\Programs\Python\Python36-32\Scripts;;C:/Xilinx/Vivado/2017.2\tps\mingw\6.2.0\win64.o\nt\bin;C:/Xilinx/Vivado/2017.2\tps\mingw\6.2.0\win64.o\nt\libexec\gcc\x86_64-w64-mingw32\6.2.0
USERNAME=Student
OS=Windows_NT
PROCESSOR_IDENTIFIER=Intel64 Family 6 Model 61 Stepping 4, GenuineIntel



---------------  S Y S T E M  ---------------

OS: Windows 10.0 , 64 bit Build 16299 (10.0.16299.15)

CPU:total 4 (2 cores per cpu, 2 threads per core) family 6 model 61 stepping 4, cmov, cx8, fxsr, mmx, sse, sse2, sse3, ssse3, sse4.1, sse4.2, popcnt, avx, avx2, aes, clmul, erms, 3dnowpref, lzcnt, ht, tsc, tscinvbit, bmi1, bmi2, adx

Memory: 4k page, physical 8260716k(3406848k free), swap 10226796k(2636848k free)

vm_info: Java HotSpot(TM) 64-Bit Server VM (25.112-b15) for windows-amd64 JRE (1.8.0_112-b15), built on Sep 22 2016 21:31:56 by "java_re" with MS VC++ 10.0 (VS2010)

time: Thu Jan 04 01:53:22 2018
elapsed time: 0 seconds (0d 0h 0m 0s)

